<?xml version="1.0" encoding="UTF-8"?>
<!-- Generated by org.testng.reporters.JUnitXMLReporter -->
<testsuite hostname="ATMECSINLT-469" name="loginwithexceldata" tests="2" failures="2" timestamp="20 Feb 2019 13:09:58 GMT" time="47.394" errors="0">
  <testcase name="validLogin" time="46.863" classname="com.atmecs.testscript.Login">
    <failure type="org.openqa.selenium.WebDriverException" message="Failed to connect to binary FirefoxBinary(C:\Program Files\Mozilla Firefox\firefox.exe) on port 7055; process output follows: 
patibility&amp;quot;:true,&amp;quot;locales&amp;quot;:[],&amp;quot;targetApplications&amp;quot;:[{&amp;quot;id&amp;quot;:&amp;quot;toolkit@mozilla.org&amp;quot;,&amp;quot;minVersion&amp;quot;:null,&amp;quot;maxVersion&amp;quot;:null}],&amp;quot;targetPlatforms&amp;quot;:[],&amp;quot;seen&amp;quot;:true,&amp;quot;dependencies&amp;quot;:[],&amp;quot;userPermissions&amp;quot;:{&amp;quot;permissions&amp;quot;:[&amp;quot;tabs&amp;quot;],&amp;quot;origins&amp;quot;:[&amp;quot;&amp;lt;all_urls&amp;gt;&amp;quot;]},&amp;quot;icons&amp;quot;:{&amp;quot;16&amp;quot;:&amp;quot;icons/lightbulb.svg&amp;quot;,&amp;quot;32&amp;quot;:&amp;quot;icons/lightbulb.svg&amp;quot;,&amp;quot;48&amp;quot;:&amp;quot;icons/lightbulb.svg&amp;quot;,&amp;quot;96&amp;quot;:&amp;quot;icons/lightbulb.svg&amp;quot;,&amp;quot;128&amp;quot;:&amp;quot;icons/lightbulb.svg&amp;quot;},&amp;quot;iconURL&amp;quot;:null,&amp;quot;blocklistState&amp;quot;:0,&amp;quot;blocklistURL&amp;quot;:null,&amp;quot;startupData&amp;quot;:null,&amp;quot;hidden&amp;quot;:true,&amp;quot;installTelemetryInfo&amp;quot;:null,&amp;quot;location&amp;quot;:&amp;quot;app-system-defaults&amp;quot;}
1550668153692	addons.xpi	DEBUG	Updating XPIState for {&amp;quot;id&amp;quot;:&amp;quot;webcompat@mozilla.org&amp;quot;,&amp;quot;syncGUID&amp;quot;:&amp;quot;{2989faaf-7273-4451-b187-76ed38404860}&amp;quot;,&amp;quot;version&amp;quot;:&amp;quot;3.0.0&amp;quot;,&amp;quot;type&amp;quot;:&amp;quot;extension&amp;quot;,&amp;quot;loader&amp;quot;:null,&amp;quot;updateURL&amp;quot;:null,&amp;quot;optionsURL&amp;quot;:null,&amp;quot;optionsType&amp;quot;:null,&amp;quot;optionsBrowserStyle&amp;quot;:true,&amp;quot;aboutURL&amp;quot;:null,&amp;quot;defaultLocale&amp;quot;:{&amp;quot;name&amp;quot;:&amp;quot;Web Compat&amp;quot;,&amp;quot;description&amp;quot;:&amp;quot;Urgent post-release fixes for web compatibility.&amp;quot;,&amp;quot;creator&amp;quot;:null,&amp;quot;developers&amp;quot;:null,&amp;quot;translators&amp;quot;:null,&amp;quot;contributors&amp;quot;:null},&amp;quot;visible&amp;quot;:true,&amp;quot;active&amp;quot;:true,&amp;quot;userDisabled&amp;quot;:false,&amp;quot;appDisabled&amp;quot;:false,&amp;quot;installDate&amp;quot;:1549936713771,&amp;quot;updateDate&amp;quot;:1549936713771,&amp;quot;applyBackgroundUpdates&amp;quot;:1,&amp;quot;path&amp;quot;:&amp;quot;C:\\Program Files\\Mozilla Firefox\\browser\\features\\webcompat@mozilla.org.xpi&amp;quot;,&amp;quot;skinnable&amp;quot;:false,&amp;quot;sourceURI&amp;quot;:null,&amp;quot;releaseNotesURI&amp;quot;:null,&amp;quot;softDisabled&amp;quot;:false,&amp;quot;foreignInstall&amp;quot;:false,&amp;quot;strictCompatibility&amp;quot;:true,&amp;quot;locales&amp;quot;:[],&amp;quot;targetApplications&amp;quot;:[{&amp;quot;id&amp;quot;:&amp;quot;toolkit@mozilla.org&amp;quot;,&amp;quot;minVersion&amp;quot;:&amp;quot;59.0b5&amp;quot;,&amp;quot;maxVersion&amp;quot;:null}],&amp;quot;targetPlatforms&amp;quot;:[],&amp;quot;seen&amp;quot;:true,&amp;quot;dependencies&amp;quot;:[],&amp;quot;userPermissions&amp;quot;:{&amp;quot;permissions&amp;quot;:[&amp;quot;webRequest&amp;quot;,&amp;quot;webRequestBlocking&amp;quot;],&amp;quot;origins&amp;quot;:[&amp;quot;&amp;lt;all_urls&amp;gt;&amp;quot;]},&amp;quot;icons&amp;quot;:{},&amp;quot;iconURL&amp;quot;:null,&amp;quot;blocklistState&amp;quot;:0,&amp;quot;blocklistURL&amp;quot;:null,&amp;quot;startupData&amp;quot;:null,&amp;quot;hidden&amp;quot;:true,&amp;quot;installTelemetryInfo&amp;quot;:null,&amp;quot;location&amp;quot;:&amp;quot;app-system-defaults&amp;quot;}
1550668153692	addons.xpi-utils	DEBUG	Updating add-on states
1550668153694	addons.xpi	DEBUG	Calling bootstrap method startup on formautofill@mozilla.org version 1.0
1550668153696	addons.xpi	DEBUG	Calling bootstrap method startup on screenshots@mozilla.org version 35.0.0
1550668153697	addons.xpi	DEBUG	Calling bootstrap method startup on webcompat@mozilla.org version 3.0.0
1550668153699	addons.manager	DEBUG	Registering shutdown blocker for XPIProvider
1550668153699	addons.manager	DEBUG	Provider finished startup: XPIProvider
1550668153699	addons.manager	DEBUG	Starting provider: LightweightThemeManager
1550668153699	addons.manager	DEBUG	Registering shutdown blocker for LightweightThemeManager
1550668153700	addons.manager	DEBUG	Provider finished startup: LightweightThemeManager
1550668153700	addons.manager	DEBUG	Starting provider: GMPProvider
1550668153702	addons.manager	DEBUG	Registering shutdown blocker for GMPProvider
1550668153702	addons.manager	DEBUG	Provider finished startup: GMPProvider
1550668153702	addons.manager	DEBUG	Starting provider: PluginProvider
1550668153703	addons.manager	DEBUG	Registering shutdown blocker for PluginProvider
1550668153703	addons.manager	DEBUG	Provider finished startup: PluginProvider
1550668153707	addons.manager	DEBUG	Completed startup sequence
1550668154890	addons.xpi-utils	DEBUG	XPI Database saved, setting schema version preference to 28
1550668155226	addons.repository	DEBUG	No addons.json found.
1550668156168	addons.manager	DEBUG	Registering upgrade listener for formautofill@mozilla.org
1550668156292	addons.xpi	DEBUG	Ignoring file: name is not a valid add-on ID: C:\Users\tejaswini.shinde\AppData\Local\Temp\anonymous3635838446366908730webdriver-profile\extensions\webdriver-staging
1550668156293	addons.xpi	DEBUG	Existing add-on formautofill@mozilla.org in app-system-defaults
1550668156293	addons.xpi	DEBUG	Existing add-on screenshots@mozilla.org in app-system-defaults
1550668156293	addons.xpi	DEBUG	Existing add-on webcompat-reporter@mozilla.org in app-system-defaults
1550668156293	addons.xpi	DEBUG	Existing add-on webcompat@mozilla.org in app-system-defaults
1550668156294	addons.xpi	DEBUG	scanForChanges changed: false, state: {}
JavaScript error: resource://gre/modules/addons/XPIProvider.jsm, line 2625: TypeError: addon is null

Build info: version: &amp;apos;2.53.1&amp;apos;, revision: &amp;apos;a36b8b1cd5757287168e54b817830adce9b0158d&amp;apos;, time: &amp;apos;2016-06-30 19:26:09&amp;apos;
System info: host: &amp;apos;ATMECSINLT-469&amp;apos;, ip: &amp;apos;55.55.53.74&amp;apos;, os.name: &amp;apos;Windows 10&amp;apos;, os.arch: &amp;apos;amd64&amp;apos;, os.version: &amp;apos;10.0&amp;apos;, java.version: &amp;apos;1.8.0_201&amp;apos;
Driver info: driver.version: FirefoxDriver">
      <![CDATA[org.openqa.selenium.WebDriverException: Failed to connect to binary FirefoxBinary(C:\Program Files\Mozilla Firefox\firefox.exe) on port 7055; process output follows: 
patibility":true,"locales":[],"targetApplications":[{"id":"toolkit@mozilla.org","minVersion":null,"maxVersion":null}],"targetPlatforms":[],"seen":true,"dependencies":[],"userPermissions":{"permissions":["tabs"],"origins":["<all_urls>"]},"icons":{"16":"icons/lightbulb.svg","32":"icons/lightbulb.svg","48":"icons/lightbulb.svg","96":"icons/lightbulb.svg","128":"icons/lightbulb.svg"},"iconURL":null,"blocklistState":0,"blocklistURL":null,"startupData":null,"hidden":true,"installTelemetryInfo":null,"location":"app-system-defaults"}
1550668153692	addons.xpi	DEBUG	Updating XPIState for {"id":"webcompat@mozilla.org","syncGUID":"{2989faaf-7273-4451-b187-76ed38404860}","version":"3.0.0","type":"extension","loader":null,"updateURL":null,"optionsURL":null,"optionsType":null,"optionsBrowserStyle":true,"aboutURL":null,"defaultLocale":{"name":"Web Compat","description":"Urgent post-release fixes for web compatibility.","creator":null,"developers":null,"translators":null,"contributors":null},"visible":true,"active":true,"userDisabled":false,"appDisabled":false,"installDate":1549936713771,"updateDate":1549936713771,"applyBackgroundUpdates":1,"path":"C:\\Program Files\\Mozilla Firefox\\browser\\features\\webcompat@mozilla.org.xpi","skinnable":false,"sourceURI":null,"releaseNotesURI":null,"softDisabled":false,"foreignInstall":false,"strictCompatibility":true,"locales":[],"targetApplications":[{"id":"toolkit@mozilla.org","minVersion":"59.0b5","maxVersion":null}],"targetPlatforms":[],"seen":true,"dependencies":[],"userPermissions":{"permissions":["webRequest","webRequestBlocking"],"origins":["<all_urls>"]},"icons":{},"iconURL":null,"blocklistState":0,"blocklistURL":null,"startupData":null,"hidden":true,"installTelemetryInfo":null,"location":"app-system-defaults"}
1550668153692	addons.xpi-utils	DEBUG	Updating add-on states
1550668153694	addons.xpi	DEBUG	Calling bootstrap method startup on formautofill@mozilla.org version 1.0
1550668153696	addons.xpi	DEBUG	Calling bootstrap method startup on screenshots@mozilla.org version 35.0.0
1550668153697	addons.xpi	DEBUG	Calling bootstrap method startup on webcompat@mozilla.org version 3.0.0
1550668153699	addons.manager	DEBUG	Registering shutdown blocker for XPIProvider
1550668153699	addons.manager	DEBUG	Provider finished startup: XPIProvider
1550668153699	addons.manager	DEBUG	Starting provider: LightweightThemeManager
1550668153699	addons.manager	DEBUG	Registering shutdown blocker for LightweightThemeManager
1550668153700	addons.manager	DEBUG	Provider finished startup: LightweightThemeManager
1550668153700	addons.manager	DEBUG	Starting provider: GMPProvider
1550668153702	addons.manager	DEBUG	Registering shutdown blocker for GMPProvider
1550668153702	addons.manager	DEBUG	Provider finished startup: GMPProvider
1550668153702	addons.manager	DEBUG	Starting provider: PluginProvider
1550668153703	addons.manager	DEBUG	Registering shutdown blocker for PluginProvider
1550668153703	addons.manager	DEBUG	Provider finished startup: PluginProvider
1550668153707	addons.manager	DEBUG	Completed startup sequence
1550668154890	addons.xpi-utils	DEBUG	XPI Database saved, setting schema version preference to 28
1550668155226	addons.repository	DEBUG	No addons.json found.
1550668156168	addons.manager	DEBUG	Registering upgrade listener for formautofill@mozilla.org
1550668156292	addons.xpi	DEBUG	Ignoring file: name is not a valid add-on ID: C:\Users\tejaswini.shinde\AppData\Local\Temp\anonymous3635838446366908730webdriver-profile\extensions\webdriver-staging
1550668156293	addons.xpi	DEBUG	Existing add-on formautofill@mozilla.org in app-system-defaults
1550668156293	addons.xpi	DEBUG	Existing add-on screenshots@mozilla.org in app-system-defaults
1550668156293	addons.xpi	DEBUG	Existing add-on webcompat-reporter@mozilla.org in app-system-defaults
1550668156293	addons.xpi	DEBUG	Existing add-on webcompat@mozilla.org in app-system-defaults
1550668156294	addons.xpi	DEBUG	scanForChanges changed: false, state: {}
JavaScript error: resource://gre/modules/addons/XPIProvider.jsm, line 2625: TypeError: addon is null

Build info: version: '2.53.1', revision: 'a36b8b1cd5757287168e54b817830adce9b0158d', time: '2016-06-30 19:26:09'
System info: host: 'ATMECSINLT-469', ip: '55.55.53.74', os.name: 'Windows 10', os.arch: 'amd64', os.version: '10.0', java.version: '1.8.0_201'
Driver info: driver.version: FirefoxDriver
	at org.openqa.selenium.firefox.internal.NewProfileExtensionConnection.start(NewProfileExtensionConnection.java:125)
	at org.openqa.selenium.firefox.FirefoxDriver.startClient(FirefoxDriver.java:271)
	at org.openqa.selenium.remote.RemoteWebDriver.<init>(RemoteWebDriver.java:119)
	at org.openqa.selenium.firefox.FirefoxDriver.<init>(FirefoxDriver.java:216)
	at org.openqa.selenium.firefox.FirefoxDriver.<init>(FirefoxDriver.java:211)
	at org.openqa.selenium.firefox.FirefoxDriver.<init>(FirefoxDriver.java:207)
	at org.openqa.selenium.firefox.FirefoxDriver.<init>(FirefoxDriver.java:120)
	at com.atmecs.falcon.automation.ui.selenium.RunModeLocal.<init>(RunModeLocal.java:35)
	at com.atmecs.falcon.automation.ui.selenium.RunModeFactory.getRunMode(RunModeFactory.java:35)
	at com.atmecs.falcon.automation.ui.selenium.Browser.openURL(Browser.java:345)
	at com.atmecs.testscript.Login.validLogin(Login.java:62)
	at com.atmecs.runner.TestNGRunner.main(TestNGRunner.java:74)
	at org.codehaus.mojo.exec.ExecJavaMojo$1.run(ExecJavaMojo.java:293)
	at java.lang.Thread.run(Thread.java:748)
Caused by: org.openqa.selenium.firefox.NotConnectedException: Unable to connect to host 127.0.0.1 on port 7055 after 45000 ms. Firefox console output:
patibility":true,"locales":[],"targetApplications":[{"id":"toolkit@mozilla.org","minVersion":null,"maxVersion":null}],"targetPlatforms":[],"seen":true,"dependencies":[],"userPermissions":{"permissions":["tabs"],"origins":["<all_urls>"]},"icons":{"16":"icons/lightbulb.svg","32":"icons/lightbulb.svg","48":"icons/lightbulb.svg","96":"icons/lightbulb.svg","128":"icons/lightbulb.svg"},"iconURL":null,"blocklistState":0,"blocklistURL":null,"startupData":null,"hidden":true,"installTelemetryInfo":null,"location":"app-system-defaults"}
1550668153692	addons.xpi	DEBUG	Updating XPIState for {"id":"webcompat@mozilla.org","syncGUID":"{2989faaf-7273-4451-b187-76ed38404860}","version":"3.0.0","type":"extension","loader":null,"updateURL":null,"optionsURL":null,"optionsType":null,"optionsBrowserStyle":true,"aboutURL":null,"defaultLocale":{"name":"Web Compat","description":"Urgent post-release fixes for web compatibility.","creator":null,"developers":null,"translators":null,"contributors":null},"visible":true,"active":true,"userDisabled":false,"appDisabled":false,"installDate":1549936713771,"updateDate":1549936713771,"applyBackgroundUpdates":1,"path":"C:\\Program Files\\Mozilla Firefox\\browser\\features\\webcompat@mozilla.org.xpi","skinnable":false,"sourceURI":null,"releaseNotesURI":null,"softDisabled":false,"foreignInstall":false,"strictCompatibility":true,"locales":[],"targetApplications":[{"id":"toolkit@mozilla.org","minVersion":"59.0b5","maxVersion":null}],"targetPlatforms":[],"seen":true,"dependencies":[],"userPermissions":{"permissions":["webRequest","webRequestBlocking"],"origins":["<all_urls>"]},"icons":{},"iconURL":null,"blocklistState":0,"blocklistURL":null,"startupData":null,"hidden":true,"installTelemetryInfo":null,"location":"app-system-defaults"}
1550668153692	addons.xpi-utils	DEBUG	Updating add-on states
1550668153694	addons.xpi	DEBUG	Calling bootstrap method startup on formautofill@mozilla.org version 1.0
1550668153696	addons.xpi	DEBUG	Calling bootstrap method startup on screenshots@mozilla.org version 35.0.0
1550668153697	addons.xpi	DEBUG	Calling bootstrap method startup on webcompat@mozilla.org version 3.0.0
1550668153699	addons.manager	DEBUG	Registering shutdown blocker for XPIProvider
1550668153699	addons.manager	DEBUG	Provider finished startup: XPIProvider
1550668153699	addons.manager	DEBUG	Starting provider: LightweightThemeManager
1550668153699	addons.manager	DEBUG	Registering shutdown blocker for LightweightThemeManager
1550668153700	addons.manager	DEBUG	Provider finished startup: LightweightThemeManager
1550668153700	addons.manager	DEBUG	Starting provider: GMPProvider
1550668153702	addons.manager	DEBUG	Registering shutdown blocker for GMPProvider
1550668153702	addons.manager	DEBUG	Provider finished startup: GMPProvider
1550668153702	addons.manager	DEBUG	Starting provider: PluginProvider
1550668153703	addons.manager	DEBUG	Registering shutdown blocker for PluginProvider
1550668153703	addons.manager	DEBUG	Provider finished startup: PluginProvider
1550668153707	addons.manager	DEBUG	Completed startup sequence
1550668154890	addons.xpi-utils	DEBUG	XPI Database saved, setting schema version preference to 28
1550668155226	addons.repository	DEBUG	No addons.json found.
1550668156168	addons.manager	DEBUG	Registering upgrade listener for formautofill@mozilla.org
1550668156292	addons.xpi	DEBUG	Ignoring file: name is not a valid add-on ID: C:\Users\tejaswini.shinde\AppData\Local\Temp\anonymous3635838446366908730webdriver-profile\extensions\webdriver-staging
1550668156293	addons.xpi	DEBUG	Existing add-on formautofill@mozilla.org in app-system-defaults
1550668156293	addons.xpi	DEBUG	Existing add-on screenshots@mozilla.org in app-system-defaults
1550668156293	addons.xpi	DEBUG	Existing add-on webcompat-reporter@mozilla.org in app-system-defaults
1550668156293	addons.xpi	DEBUG	Existing add-on webcompat@mozilla.org in app-system-defaults
1550668156294	addons.xpi	DEBUG	scanForChanges changed: false, state: {}
JavaScript error: resource://gre/modules/addons/XPIProvider.jsm, line 2625: TypeError: addon is null

	at org.openqa.selenium.firefox.internal.NewProfileExtensionConnection.start(NewProfileExtensionConnection.java:113)
	... 38 more
... Removed 25 stack frames]]>
    </failure>
  </testcase> <!-- validLogin -->
  <testcase name="validLogin" time="47.367" classname="com.atmecs.testscript.Login">
    <failure type="java.lang.NullPointerException" message="The driver is null, Please check with driver availability">
      <![CDATA[java.lang.NullPointerException: The driver is null, Please check with driver availability
	at com.atmecs.falcon.automation.ui.selenium.CustomListener.captureScreenShot(CustomListener.java:143)
	at com.atmecs.falcon.automation.ui.selenium.CustomListener.onTestFailure(CustomListener.java:224)
	at com.atmecs.runner.TestNGRunner.main(TestNGRunner.java:74)
	at org.codehaus.mojo.exec.ExecJavaMojo$1.run(ExecJavaMojo.java:293)
	at java.lang.Thread.run(Thread.java:748)
... Removed 22 stack frames]]>
    </failure>
  </testcase> <!-- validLogin -->
</testsuite> <!-- loginwithexceldata -->
