<?xml version="1.0" encoding="UTF-8"?>
<testng-results skipped="0" failed="1" total="4" passed="3">
  <reporter-output>
    <line>
      <![CDATA[INFO: The value found with Environment variable HeatClinic is: HeatClinic]]>
    </line>
    <line>
      <![CDATA[INFO: The value found with Environment Module variable heatclinic is: heatclinic]]>
    </line>
    <line>
      <![CDATA[The value found with Environment variable WIN_10_chrome_71 is: WIN_10_chrome_71]]>
    </line>
    <line>
      <![CDATA[INFO: Clients Found: [HeatClinic]
]]>
    </line>
    <line>
      <![CDATA[INFO: Modules Selected: [heatclinic]
]]>
    </line>
    <line>
      <![CDATA[INFO: New Suite Created with name: HeatClinic-loginexcel-WIN_10_chrome_71]]>
    </line>
    <line>
      <![CDATA[<?xml version="1.0" encoding="UTF-8"?>
<!DOCTYPE suite SYSTEM "http://testng.org/testng-1.0.dtd">
<suite name="HeatClinic-loginexcel-WIN_10_chrome_71">
  <parameter name="os" value="WIN"/>
  <parameter name="osVersion" value="10"/>
  <parameter name="browser" value="chrome"/>
  <parameter name="browserVersion" value="71"/>
  <test name="loginwithexceldata">
    <classes>
      <class name="com.atmecs.testscript.Login"/>
    </classes>
  </test> <!-- loginwithexceldata -->
  <test name="loginwithinvalidexceldata">
    <classes>
      <class name="com.atmecs.testscript.InvalidLogin"/>
    </classes>
  </test> <!-- loginwithinvalidexceldata -->
  <test name="registerwithexceldata">
    <classes>
      <class name="com.atmecs.testscript.Registration"/>
    </classes>
  </test> <!-- registerwithexceldata -->
  <test name="traversewithexceldata">
    <classes>
      <class name="com.atmecs.testscript.TraversePages"/>
    </classes>
  </test> <!-- traversewithexceldata -->
</suite> <!-- HeatClinic-loginexcel-WIN_10_chrome_71 -->
]]>
    </line>
    <line>
      <![CDATA[INFO: Reading data from Excel file]]>
    </line>
    <line>
      <![CDATA[INFO: Opening url http://10.10.10.232:8080/]]>
    </line>
    <line>
      <![CDATA[INFO: Maximizing window ]]>
    </line>
    <line>
      <![CDATA[INFO: Clicking login link ]]>
    </line>
    <line>
      <![CDATA[INFO: Entering data in email field rajat.gupta@atmecs.com]]>
    </line>
    <line>
      <![CDATA[INFO: Entering data in password field ]]>
    </line>
    <line>
      <![CDATA[INFO: Clicking login button]]>
    </line>
    <line>
      <![CDATA[PASS :  Verifying username : ACTUAL : Rajat 	EXPECTED :Rajat]]>
    </line>
    <line>
      <![CDATA[PASS : Account Verified]]>
    </line>
    <line>
      <![CDATA[Clicking Account Name Rajat]]>
    </line>
    <line>
      <![CDATA[Clicking on Submit button in Account Information]]>
    </line>
    <line>
      <![CDATA[Verifying account updation]]>
    </line>
    <line>
      <![CDATA[PASS :  Verifying Account Updation : ACTUAL : Account successfully updated 	EXPECTED :Account successfully updated]]>
    </line>
    <line>
      <![CDATA[PASS : Account updated]]>
    </line>
    <line>
      <![CDATA[Clicking on Hot Sauces Tab]]>
    </line>
    <line>
      <![CDATA[Clicking on Sauce]]>
    </line>
    <line>
      <![CDATA[Clicking on buy button]]>
    </line>
    <line>
      <![CDATA[Checking cart item]]>
    </line>
    <line>
      <![CDATA[Verifying item in cart]]>
    </line>
    <line>
      <![CDATA[PASS : Cart Item : ACTUAL : Roasted Garlic Hot Sauce 	EXPECTED :Roasted Garlic Hot Sauce]]>
    </line>
    <line>
      <![CDATA[Removing Cart Item]]>
    </line>
    <line>
      <![CDATA[Item Removed Successfully]]>
    </line>
    <line>
      <![CDATA[Closeing Cart Window]]>
    </line>
    <line>
      <![CDATA[Clicking on logout button]]>
    </line>
    <line>
      <![CDATA[Logged out successfully]]>
    </line>
    <line>
      <![CDATA[INFO: Reading data from Excel file]]>
    </line>
    <line>
      <![CDATA[INFO: Opening url http://10.10.10.232:8080/]]>
    </line>
    <line>
      <![CDATA[INFO: Maximizing window ]]>
    </line>
    <line>
      <![CDATA[INFO: Clicking login link ]]>
    </line>
    <line>
      <![CDATA[INFO: Entering invalid email ID in email field tempuser@atmecs.com]]>
    </line>
    <line>
      <![CDATA[INFO: Entering data in password field ]]>
    </line>
    <line>
      <![CDATA[INFO: Clicking login button]]>
    </line>
    <line>
      <![CDATA[FAIL : Error occured capturing screenshot, refer to error tab for more details]]>
    </line>
    <line>
      <![CDATA[IMG : b924301a-caa8-4b83-83f5-944f87c0bd21]]>
    </line>
    <line>
      <![CDATA[Reading data from Register data excel file]]>
    </line>
    <line>
      <![CDATA[OpeningURLhttp://10.10.10.232:8080/]]>
    </line>
    <line>
      <![CDATA[INFO: Maximizing window]]>
    </line>
    <line>
      <![CDATA[Clicking Register link]]>
    </line>
    <line>
      <![CDATA[PASS :  Verify click on Register : ACTUAL : Register for an Account 	EXPECTED :Register for an Account]]>
    </line>
    <line>
      <![CDATA[Entering data in Email fieldrajat.gupta@atmecs.com]]>
    </line>
    <line>
      <![CDATA[Entering data in First Name fieldRajat]]>
    </line>
    <line>
      <![CDATA[Entering data in Last Name fieldGupta]]>
    </line>
    <line>
      <![CDATA[Entering data in Password fieldabcd]]>
    </line>
    <line>
      <![CDATA[Entering data in Confirm Password fieldabcd]]>
    </line>
    <line>
      <![CDATA[Click to register the user]]>
    </line>
    <line>
      <![CDATA[PASS :  Verify user register button clicked : ACTUAL : That email address is already in use. 	EXPECTED :That email address is already in use.]]>
    </line>
    <line>
      <![CDATA[PASS : Account Verified]]>
    </line>
    <line>
      <![CDATA[INFO: Maximizing window ]]>
    </line>
    <line>
      <![CDATA[Clicking on the Home Tab]]>
    </line>
    <line>
      <![CDATA[PASS :  Verify click on HOME page : ACTUAL : http://10.10.10.232:8080/ 	EXPECTED :http://10.10.10.232:8080/]]>
    </line>
    <line>
      <![CDATA[PASS :  Verify click on Hot Sauces : ACTUAL : Viewing Hot Sauces (1 - 15 of 19) 	EXPECTED :Viewing Hot Sauces (1 - 15 of 19)]]>
    </line>
    <line>
      <![CDATA[PASS :  Verify click on Merchandise Men : ACTUAL : Viewing Mens (1 - 3 of 3) 	EXPECTED :Viewing Mens (1 - 3 of 3)]]>
    </line>
    <line>
      <![CDATA[PASS :  Verify click on Merchandise Woman : ACTUAL : Viewing Womens (1 - 3 of 3) 	EXPECTED :Viewing Womens (1 - 3 of 3)]]>
    </line>
    <line>
      <![CDATA[Clicking on logout button]]>
    </line>
    <line>
      <![CDATA[Logged out successfully]]>
    </line>
  </reporter-output>
  <suite name="HeatClinic-loginexcel-WIN_10_chrome_71" duration-ms="76685" started-at="2019-02-28T14:06:24Z" finished-at="2019-02-28T14:07:41Z">
    <groups>
    </groups>
    <test name="loginwithexceldata" duration-ms="21159" started-at="2019-02-28T14:06:24Z" finished-at="2019-02-28T14:06:46Z">
      <class name="com.atmecs.testscript.Login">
        <test-method status="PASS" signature="setup(java.lang.String, java.lang.String, java.lang.String, java.lang.String)[pri:0, instance:com.atmecs.testscript.Login@4139922]" name="setup" is-config="true" duration-ms="16" started-at="2019-02-28T19:36:24Z" finished-at="2019-02-28T19:36:24Z">
          <params>
            <param index="0">
              <value>
                <![CDATA[chrome]]>
              </value>
            </param>
            <param index="1">
              <value>
                <![CDATA[71]]>
              </value>
            </param>
            <param index="2">
              <value>
                <![CDATA[WIN]]>
              </value>
            </param>
            <param index="3">
              <value>
                <![CDATA[10]]>
              </value>
            </param>
          </params>
          <reporter-output>
          </reporter-output>
        </test-method> <!-- setup -->
        <test-method status="PASS" signature="login(java.lang.String, java.lang.String, java.lang.String)[pri:2, instance:com.atmecs.testscript.Login@4139922]" name="login" duration-ms="19603" started-at="2019-02-28T19:36:25Z" data-provider="loginData" finished-at="2019-02-28T19:36:44Z">
          <params>
            <param index="0">
              <value>
                <![CDATA[rajat.gupta@atmecs.com]]>
              </value>
            </param>
            <param index="1">
              <value>
                <![CDATA[abcd]]>
              </value>
            </param>
            <param index="2">
              <value>
                <![CDATA[Rajat]]>
              </value>
            </param>
          </params>
          <reporter-output>
            <line>
              <![CDATA[INFO: Reading data from Excel file]]>
            </line>
            <line>
              <![CDATA[INFO: Opening url http://10.10.10.232:8080/]]>
            </line>
            <line>
              <![CDATA[INFO: Maximizing window ]]>
            </line>
            <line>
              <![CDATA[INFO: Clicking login link ]]>
            </line>
            <line>
              <![CDATA[INFO: Entering data in email field rajat.gupta@atmecs.com]]>
            </line>
            <line>
              <![CDATA[INFO: Entering data in password field ]]>
            </line>
            <line>
              <![CDATA[INFO: Clicking login button]]>
            </line>
            <line>
              <![CDATA[PASS :  Verifying username : ACTUAL : Rajat 	EXPECTED :Rajat]]>
            </line>
            <line>
              <![CDATA[PASS : Account Verified]]>
            </line>
            <line>
              <![CDATA[Clicking Account Name Rajat]]>
            </line>
            <line>
              <![CDATA[Clicking on Submit button in Account Information]]>
            </line>
            <line>
              <![CDATA[Verifying account updation]]>
            </line>
            <line>
              <![CDATA[PASS :  Verifying Account Updation : ACTUAL : Account successfully updated 	EXPECTED :Account successfully updated]]>
            </line>
            <line>
              <![CDATA[PASS : Account updated]]>
            </line>
            <line>
              <![CDATA[Clicking on Hot Sauces Tab]]>
            </line>
            <line>
              <![CDATA[Clicking on Sauce]]>
            </line>
            <line>
              <![CDATA[Clicking on buy button]]>
            </line>
            <line>
              <![CDATA[Checking cart item]]>
            </line>
            <line>
              <![CDATA[Verifying item in cart]]>
            </line>
            <line>
              <![CDATA[PASS : Cart Item : ACTUAL : Roasted Garlic Hot Sauce 	EXPECTED :Roasted Garlic Hot Sauce]]>
            </line>
            <line>
              <![CDATA[Removing Cart Item]]>
            </line>
            <line>
              <![CDATA[Item Removed Successfully]]>
            </line>
            <line>
              <![CDATA[Closeing Cart Window]]>
            </line>
            <line>
              <![CDATA[Clicking on logout button]]>
            </line>
            <line>
              <![CDATA[Logged out successfully]]>
            </line>
          </reporter-output>
        </test-method> <!-- login -->
        <test-method status="PASS" signature="exit()[pri:0, instance:com.atmecs.testscript.Login@4139922]" name="exit" is-config="true" duration-ms="1098" started-at="2019-02-28T19:36:44Z" finished-at="2019-02-28T19:36:46Z">
          <reporter-output>
          </reporter-output>
        </test-method> <!-- exit -->
      </class> <!-- com.atmecs.testscript.Login -->
    </test> <!-- loginwithexceldata -->
    <test name="loginwithinvalidexceldata" duration-ms="17451" started-at="2019-02-28T14:06:46Z" finished-at="2019-02-28T14:07:03Z">
      <class name="com.atmecs.testscript.InvalidLogin">
        <test-method status="PASS" signature="setup(java.lang.String, java.lang.String, java.lang.String, java.lang.String)[pri:0, instance:com.atmecs.testscript.InvalidLogin@57ca6ebe]" name="setup" is-config="true" duration-ms="0" started-at="2019-02-28T19:36:46Z" finished-at="2019-02-28T19:36:46Z">
          <params>
            <param index="0">
              <value>
                <![CDATA[chrome]]>
              </value>
            </param>
            <param index="1">
              <value>
                <![CDATA[71]]>
              </value>
            </param>
            <param index="2">
              <value>
                <![CDATA[WIN]]>
              </value>
            </param>
            <param index="3">
              <value>
                <![CDATA[10]]>
              </value>
            </param>
          </params>
          <reporter-output>
          </reporter-output>
        </test-method> <!-- setup -->
        <test-method status="FAIL" signature="loginInvalid(java.lang.String, java.lang.String, java.lang.String)[pri:2, instance:com.atmecs.testscript.InvalidLogin@57ca6ebe]" name="loginInvalid" duration-ms="15746" started-at="2019-02-28T19:36:46Z" data-provider="loginData2" finished-at="2019-02-28T19:37:01Z">
          <params>
            <param index="0">
              <value>
                <![CDATA[tempuser@atmecs.com]]>
              </value>
            </param>
            <param index="1">
              <value>
                <![CDATA[tempuser]]>
              </value>
            </param>
            <param index="2">
              <value>
                <![CDATA[tempuser]]>
              </value>
            </param>
          </params>
          <exception class="org.openqa.selenium.TimeoutException">
            <message>
              <![CDATA[Timed out after 10 seconds waiting for visibility of element located by By.xpath: //a[@class='my-account']
Build info: version: '2.53.1', revision: 'a36b8b1cd5757287168e54b817830adce9b0158d', time: '2016-06-30 19:26:09'
System info: host: 'ATMECSINDT-065', ip: '50.50.50.126', os.name: 'Windows 10', os.arch: 'amd64', os.version: '10.0', java.version: '1.8.0_181'
Driver info: org.openqa.selenium.chrome.ChromeDriver
Capabilities [{mobileEmulationEnabled=false, timeouts={implicit=0, pageLoad=300000, script=30000}, hasTouchScreen=false, platform=XP, acceptSslCerts=false, goog:chromeOptions={debuggerAddress=localhost:60317}, acceptInsecureCerts=false, webStorageEnabled=true, browserName=chrome, takesScreenshot=true, javascriptEnabled=true, setWindowRect=true, unexpectedAlertBehaviour=ignore, applicationCacheEnabled=false, rotatable=false, networkConnectionEnabled=false, chrome={chromedriverVersion=72.0.3626.69 (3c16f8a135abc0d4da2dff33804db79b849a7c38), userDataDir=C:\Users\SOM~1.PRA\AppData\Local\Temp\scoped_dir11268_13912}, takesHeapSnapshot=true, pageLoadStrategy=normal, databaseEnabled=false, handlesAlerts=true, version=72.0.3626.119, browserConnectionEnabled=false, proxy={}, nativeEvents=true, locationContextEnabled=true, cssSelectorsEnabled=true}]
Session ID: 719b2f75749e16561f0bce50f5533b1e]]>
            </message>
            <full-stacktrace>
              <![CDATA[org.openqa.selenium.TimeoutException: Timed out after 10 seconds waiting for visibility of element located by By.xpath: //a[@class='my-account']
Build info: version: '2.53.1', revision: 'a36b8b1cd5757287168e54b817830adce9b0158d', time: '2016-06-30 19:26:09'
System info: host: 'ATMECSINDT-065', ip: '50.50.50.126', os.name: 'Windows 10', os.arch: 'amd64', os.version: '10.0', java.version: '1.8.0_181'
Driver info: org.openqa.selenium.chrome.ChromeDriver
Capabilities [{mobileEmulationEnabled=false, timeouts={implicit=0, pageLoad=300000, script=30000}, hasTouchScreen=false, platform=XP, acceptSslCerts=false, goog:chromeOptions={debuggerAddress=localhost:60317}, acceptInsecureCerts=false, webStorageEnabled=true, browserName=chrome, takesScreenshot=true, javascriptEnabled=true, setWindowRect=true, unexpectedAlertBehaviour=ignore, applicationCacheEnabled=false, rotatable=false, networkConnectionEnabled=false, chrome={chromedriverVersion=72.0.3626.69 (3c16f8a135abc0d4da2dff33804db79b849a7c38), userDataDir=C:\Users\SOM~1.PRA\AppData\Local\Temp\scoped_dir11268_13912}, takesHeapSnapshot=true, pageLoadStrategy=normal, databaseEnabled=false, handlesAlerts=true, version=72.0.3626.119, browserConnectionEnabled=false, proxy={}, nativeEvents=true, locationContextEnabled=true, cssSelectorsEnabled=true}]
Session ID: 719b2f75749e16561f0bce50f5533b1e
	at org.openqa.selenium.support.ui.WebDriverWait.timeoutException(WebDriverWait.java:80)
	at org.openqa.selenium.support.ui.FluentWait.until(FluentWait.java:261)
	at com.atmecs.falcon.automation.ui.selenium.WaitElement.waitFor(WaitElement.java:90)
	at com.atmecs.testscript.InvalidLogin.accountLogin(InvalidLogin.java:86)
	at com.atmecs.testscript.InvalidLogin.loginInvalid(InvalidLogin.java:67)
	at sun.reflect.NativeMethodAccessorImpl.invoke0(Native Method)
	at sun.reflect.NativeMethodAccessorImpl.invoke(NativeMethodAccessorImpl.java:62)
	at sun.reflect.DelegatingMethodAccessorImpl.invoke(DelegatingMethodAccessorImpl.java:43)
	at java.lang.reflect.Method.invoke(Method.java:498)
	at org.testng.internal.MethodInvocationHelper.invokeMethod(MethodInvocationHelper.java:85)
	at org.testng.internal.Invoker.invokeMethod(Invoker.java:639)
	at org.testng.internal.Invoker.invokeTestMethod(Invoker.java:816)
	at org.testng.internal.Invoker.invokeTestMethods(Invoker.java:1124)
	at org.testng.internal.TestMethodWorker.invokeTestMethods(TestMethodWorker.java:125)
	at org.testng.internal.TestMethodWorker.run(TestMethodWorker.java:108)
	at org.testng.TestRunner.privateRun(TestRunner.java:774)
	at org.testng.TestRunner.run(TestRunner.java:624)
	at org.testng.SuiteRunner.runTest(SuiteRunner.java:359)
	at org.testng.SuiteRunner.runSequentially(SuiteRunner.java:354)
	at org.testng.SuiteRunner.privateRun(SuiteRunner.java:312)
	at org.testng.SuiteRunner.run(SuiteRunner.java:261)
	at org.testng.SuiteRunnerWorker.runSuite(SuiteRunnerWorker.java:52)
	at org.testng.SuiteRunnerWorker.run(SuiteRunnerWorker.java:86)
	at org.testng.TestNG.runSuitesSequentially(TestNG.java:1215)
	at org.testng.TestNG.runSuitesLocally(TestNG.java:1140)
	at org.testng.TestNG.run(TestNG.java:1048)
	at com.atmecs.runner.TestNGRunner.main(TestNGRunner.java:74)
	at sun.reflect.NativeMethodAccessorImpl.invoke0(Native Method)
	at sun.reflect.NativeMethodAccessorImpl.invoke(NativeMethodAccessorImpl.java:62)
	at sun.reflect.DelegatingMethodAccessorImpl.invoke(DelegatingMethodAccessorImpl.java:43)
	at java.lang.reflect.Method.invoke(Method.java:498)
	at org.codehaus.mojo.exec.ExecJavaMojo$1.run(ExecJavaMojo.java:293)
	at java.lang.Thread.run(Thread.java:748)
Caused by: org.openqa.selenium.NoSuchElementException: no such element: Unable to locate element: {"method":"xpath","selector":"//a[@class='my-account']"}
  (Session info: chrome=72.0.3626.119)
  (Driver info: chromedriver=72.0.3626.69 (3c16f8a135abc0d4da2dff33804db79b849a7c38),platform=Windows NT 10.0.17134 x86_64) (WARNING: The server did not provide any stacktrace information)
Command duration or timeout: 15 milliseconds
For documentation on this error, please visit: http://seleniumhq.org/exceptions/no_such_element.html
Build info: version: '2.53.1', revision: 'a36b8b1cd5757287168e54b817830adce9b0158d', time: '2016-06-30 19:26:09'
System info: host: 'ATMECSINDT-065', ip: '50.50.50.126', os.name: 'Windows 10', os.arch: 'amd64', os.version: '10.0', java.version: '1.8.0_181'
Driver info: org.openqa.selenium.chrome.ChromeDriver
Capabilities [{mobileEmulationEnabled=false, timeouts={implicit=0, pageLoad=300000, script=30000}, hasTouchScreen=false, platform=XP, acceptSslCerts=false, goog:chromeOptions={debuggerAddress=localhost:60317}, acceptInsecureCerts=false, webStorageEnabled=true, browserName=chrome, takesScreenshot=true, javascriptEnabled=true, setWindowRect=true, unexpectedAlertBehaviour=ignore, applicationCacheEnabled=false, rotatable=false, networkConnectionEnabled=false, chrome={chromedriverVersion=72.0.3626.69 (3c16f8a135abc0d4da2dff33804db79b849a7c38), userDataDir=C:\Users\SOM~1.PRA\AppData\Local\Temp\scoped_dir11268_13912}, takesHeapSnapshot=true, pageLoadStrategy=normal, databaseEnabled=false, handlesAlerts=true, version=72.0.3626.119, browserConnectionEnabled=false, proxy={}, nativeEvents=true, locationContextEnabled=true, cssSelectorsEnabled=true}]
Session ID: 719b2f75749e16561f0bce50f5533b1e
*** Element info: {Using=xpath, value=//a[@class='my-account']}
	at sun.reflect.GeneratedConstructorAccessor30.newInstance(Unknown Source)
	at sun.reflect.DelegatingConstructorAccessorImpl.newInstance(DelegatingConstructorAccessorImpl.java:45)
	at java.lang.reflect.Constructor.newInstance(Constructor.java:423)
	at org.openqa.selenium.remote.ErrorHandler.createThrowable(ErrorHandler.java:206)
	at org.openqa.selenium.remote.ErrorHandler.throwIfResponseFailed(ErrorHandler.java:158)
	at org.openqa.selenium.remote.RemoteWebDriver.execute(RemoteWebDriver.java:678)
	at org.openqa.selenium.remote.RemoteWebDriver.findElement(RemoteWebDriver.java:363)
	at org.openqa.selenium.remote.RemoteWebDriver.findElementByXPath(RemoteWebDriver.java:500)
	at org.openqa.selenium.By$ByXPath.findElement(By.java:361)
	at org.openqa.selenium.remote.RemoteWebDriver.findElement(RemoteWebDriver.java:355)
	at org.openqa.selenium.support.ui.ExpectedConditions.findElement(ExpectedConditions.java:899)
	at org.openqa.selenium.support.ui.ExpectedConditions.access$000(ExpectedConditions.java:41)
	at org.openqa.selenium.support.ui.ExpectedConditions$7.apply(ExpectedConditions.java:205)
	at org.openqa.selenium.support.ui.ExpectedConditions$7.apply(ExpectedConditions.java:201)
	at org.openqa.selenium.support.ui.FluentWait.until(FluentWait.java:238)
	... 31 more
]]>
            </full-stacktrace>
          </exception> <!-- org.openqa.selenium.TimeoutException -->
          <reporter-output>
            <line>
              <![CDATA[INFO: Reading data from Excel file]]>
            </line>
            <line>
              <![CDATA[INFO: Opening url http://10.10.10.232:8080/]]>
            </line>
            <line>
              <![CDATA[INFO: Maximizing window ]]>
            </line>
            <line>
              <![CDATA[INFO: Clicking login link ]]>
            </line>
            <line>
              <![CDATA[INFO: Entering invalid email ID in email field tempuser@atmecs.com]]>
            </line>
            <line>
              <![CDATA[INFO: Entering data in password field ]]>
            </line>
            <line>
              <![CDATA[INFO: Clicking login button]]>
            </line>
            <line>
              <![CDATA[FAIL : Error occured capturing screenshot, refer to error tab for more details]]>
            </line>
            <line>
              <![CDATA[IMG : b924301a-caa8-4b83-83f5-944f87c0bd21]]>
            </line>
          </reporter-output>
        </test-method> <!-- loginInvalid -->
        <test-method status="PASS" signature="exit()[pri:0, instance:com.atmecs.testscript.InvalidLogin@57ca6ebe]" name="exit" is-config="true" duration-ms="846" started-at="2019-02-28T19:37:02Z" finished-at="2019-02-28T19:37:03Z">
          <reporter-output>
          </reporter-output>
        </test-method> <!-- exit -->
      </class> <!-- com.atmecs.testscript.InvalidLogin -->
    </test> <!-- loginwithinvalidexceldata -->
    <test name="registerwithexceldata" duration-ms="11875" started-at="2019-02-28T14:07:03Z" finished-at="2019-02-28T14:07:15Z">
      <class name="com.atmecs.testscript.Registration">
        <test-method status="PASS" signature="setup(java.lang.String, java.lang.String, java.lang.String, java.lang.String)[pri:0, instance:com.atmecs.testscript.Registration@4d94a308]" name="setup" is-config="true" duration-ms="0" started-at="2019-02-28T19:37:03Z" finished-at="2019-02-28T19:37:03Z">
          <params>
            <param index="0">
              <value>
                <![CDATA[chrome]]>
              </value>
            </param>
            <param index="1">
              <value>
                <![CDATA[71]]>
              </value>
            </param>
            <param index="2">
              <value>
                <![CDATA[WIN]]>
              </value>
            </param>
            <param index="3">
              <value>
                <![CDATA[10]]>
              </value>
            </param>
          </params>
          <reporter-output>
          </reporter-output>
        </test-method> <!-- setup -->
        <test-method status="PASS" signature="register(java.lang.String, java.lang.String, java.lang.String, java.lang.String, java.lang.String)[pri:1, instance:com.atmecs.testscript.Registration@4d94a308]" name="register" duration-ms="10917" started-at="2019-02-28T19:37:03Z" data-provider="RegisterData" finished-at="2019-02-28T19:37:14Z">
          <params>
            <param index="0">
              <value>
                <![CDATA[rajat.gupta@atmecs.com]]>
              </value>
            </param>
            <param index="1">
              <value>
                <![CDATA[Rajat]]>
              </value>
            </param>
            <param index="2">
              <value>
                <![CDATA[Gupta]]>
              </value>
            </param>
            <param index="3">
              <value>
                <![CDATA[abcd]]>
              </value>
            </param>
            <param index="4">
              <value>
                <![CDATA[abcd]]>
              </value>
            </param>
          </params>
          <reporter-output>
            <line>
              <![CDATA[Reading data from Register data excel file]]>
            </line>
            <line>
              <![CDATA[OpeningURLhttp://10.10.10.232:8080/]]>
            </line>
            <line>
              <![CDATA[INFO: Maximizing window]]>
            </line>
            <line>
              <![CDATA[Clicking Register link]]>
            </line>
            <line>
              <![CDATA[PASS :  Verify click on Register : ACTUAL : Register for an Account 	EXPECTED :Register for an Account]]>
            </line>
            <line>
              <![CDATA[Entering data in Email fieldrajat.gupta@atmecs.com]]>
            </line>
            <line>
              <![CDATA[Entering data in First Name fieldRajat]]>
            </line>
            <line>
              <![CDATA[Entering data in Last Name fieldGupta]]>
            </line>
            <line>
              <![CDATA[Entering data in Password fieldabcd]]>
            </line>
            <line>
              <![CDATA[Entering data in Confirm Password fieldabcd]]>
            </line>
            <line>
              <![CDATA[Click to register the user]]>
            </line>
            <line>
              <![CDATA[PASS :  Verify user register button clicked : ACTUAL : That email address is already in use. 	EXPECTED :That email address is already in use.]]>
            </line>
            <line>
              <![CDATA[PASS : Account Verified]]>
            </line>
          </reporter-output>
        </test-method> <!-- register -->
        <test-method status="PASS" signature="exit()[pri:0, instance:com.atmecs.testscript.Registration@4d94a308]" name="exit" is-config="true" duration-ms="927" started-at="2019-02-28T19:37:14Z" finished-at="2019-02-28T19:37:15Z">
          <reporter-output>
          </reporter-output>
        </test-method> <!-- exit -->
      </class> <!-- com.atmecs.testscript.Registration -->
    </test> <!-- registerwithexceldata -->
    <test name="traversewithexceldata" duration-ms="26185" started-at="2019-02-28T14:07:15Z" finished-at="2019-02-28T14:07:41Z">
      <class name="com.atmecs.testscript.TraversePages">
        <test-method status="PASS" signature="preSetup()[pri:0, instance:com.atmecs.testscript.TraversePages@1c3bc3c9]" name="preSetup" is-config="true" duration-ms="15" started-at="2019-02-28T19:36:24Z" finished-at="2019-02-28T19:36:24Z">
          <reporter-output>
          </reporter-output>
        </test-method> <!-- preSetup -->
        <test-method status="PASS" signature="setup(java.lang.String, java.lang.String, java.lang.String, java.lang.String)[pri:0, instance:com.atmecs.testscript.TraversePages@1c3bc3c9]" name="setup" is-config="true" duration-ms="0" started-at="2019-02-28T19:37:15Z" finished-at="2019-02-28T19:37:15Z">
          <params>
            <param index="0">
              <value>
                <![CDATA[chrome]]>
              </value>
            </param>
            <param index="1">
              <value>
                <![CDATA[71]]>
              </value>
            </param>
            <param index="2">
              <value>
                <![CDATA[WIN]]>
              </value>
            </param>
            <param index="3">
              <value>
                <![CDATA[10]]>
              </value>
            </param>
          </params>
          <reporter-output>
          </reporter-output>
        </test-method> <!-- setup -->
        <test-method status="PASS" signature="traverseTheLinks()[pri:0, instance:com.atmecs.testscript.TraversePages@1c3bc3c9]" name="traverseTheLinks" duration-ms="25283" started-at="2019-02-28T19:37:15Z" finished-at="2019-02-28T19:37:40Z">
          <reporter-output>
            <line>
              <![CDATA[INFO: Maximizing window ]]>
            </line>
            <line>
              <![CDATA[Clicking on the Home Tab]]>
            </line>
            <line>
              <![CDATA[PASS :  Verify click on HOME page : ACTUAL : http://10.10.10.232:8080/ 	EXPECTED :http://10.10.10.232:8080/]]>
            </line>
            <line>
              <![CDATA[PASS :  Verify click on Hot Sauces : ACTUAL : Viewing Hot Sauces (1 - 15 of 19) 	EXPECTED :Viewing Hot Sauces (1 - 15 of 19)]]>
            </line>
            <line>
              <![CDATA[PASS :  Verify click on Merchandise Men : ACTUAL : Viewing Mens (1 - 3 of 3) 	EXPECTED :Viewing Mens (1 - 3 of 3)]]>
            </line>
            <line>
              <![CDATA[PASS :  Verify click on Merchandise Woman : ACTUAL : Viewing Womens (1 - 3 of 3) 	EXPECTED :Viewing Womens (1 - 3 of 3)]]>
            </line>
            <line>
              <![CDATA[Clicking on logout button]]>
            </line>
            <line>
              <![CDATA[Logged out successfully]]>
            </line>
          </reporter-output>
        </test-method> <!-- traverseTheLinks -->
        <test-method status="PASS" signature="exit()[pri:0, instance:com.atmecs.testscript.TraversePages@1c3bc3c9]" name="exit" is-config="true" duration-ms="898" started-at="2019-02-28T19:37:40Z" finished-at="2019-02-28T19:37:41Z">
          <reporter-output>
          </reporter-output>
        </test-method> <!-- exit -->
        <test-method status="PASS" signature="teardown()[pri:0, instance:com.atmecs.testscript.TraversePages@1c3bc3c9]" name="teardown" is-config="true" duration-ms="0" started-at="2019-02-28T19:37:41Z" finished-at="2019-02-28T19:37:41Z">
          <reporter-output>
          </reporter-output>
        </test-method> <!-- teardown -->
      </class> <!-- com.atmecs.testscript.TraversePages -->
    </test> <!-- traversewithexceldata -->
  </suite> <!-- HeatClinic-loginexcel-WIN_10_chrome_71 -->
</testng-results>
