<?xml version="1.0" encoding="UTF-8"?>
<!-- Generated by org.testng.reporters.JUnitXMLReporter -->
<testsuite hostname="ATMECSINLT-469" name="registerwithexceldata" tests="1" failures="1" timestamp="21 Feb 2019 11:16:46 GMT" time="17.473" errors="0">
  <testcase name="register" time="15.565" classname="com.atmecs.testscript.Registration">
    <failure type="org.openqa.selenium.WebDriverException" message=" (WARNING: The server did not provide any stacktrace information)
Command duration or timeout: 1.06 seconds
Build info: version: &amp;apos;2.53.1&amp;apos;, revision: &amp;apos;a36b8b1cd5757287168e54b817830adce9b0158d&amp;apos;, time: &amp;apos;2016-06-30 19:26:09&amp;apos;
System info: host: &amp;apos;ATMECSINLT-469&amp;apos;, ip: &amp;apos;55.55.53.74&amp;apos;, os.name: &amp;apos;Windows 10&amp;apos;, os.arch: &amp;apos;amd64&amp;apos;, os.version: &amp;apos;10.0&amp;apos;, java.version: &amp;apos;1.8.0_201&amp;apos;
Driver info: org.openqa.selenium.remote.RemoteWebDriver
Capabilities [{moz:profile=C:\Windows\proxy\rust_mozprofile.PlQFOup25Z3N, rotatable=false, capabilities={desiredCapabilities={browserVersion=64.0, browserName=firefox}}, timeouts={implicit=0, pageLoad=300000, script=30000}, pageLoadStrategy=normal, unhandledPromptBehavior=dismiss and notify, moz:headless=false, platform=ANY, moz:accessibilityChecks=false, moz:useNonSpecCompliantPointerOrigin=false, webdriver.remote.sessionid=0d7dc7906bc802c20ad68a99ee6b452bc9c9ed38, acceptInsecureCerts=false, browserVersion=64.0, moz:shutdownTimeout=60000, platformVersion=10.0, moz:processID=11868, browserName=firefox, platformName=windows, setWindowRect=true, moz:webdriverClick=true}]
Session ID: 0d7dc7906bc802c20ad68a99ee6b452bc9c9ed38">
      <![CDATA[org.openqa.selenium.WebDriverException:  (WARNING: The server did not provide any stacktrace information)
Command duration or timeout: 1.06 seconds
Build info: version: '2.53.1', revision: 'a36b8b1cd5757287168e54b817830adce9b0158d', time: '2016-06-30 19:26:09'
System info: host: 'ATMECSINLT-469', ip: '55.55.53.74', os.name: 'Windows 10', os.arch: 'amd64', os.version: '10.0', java.version: '1.8.0_201'
Driver info: org.openqa.selenium.remote.RemoteWebDriver
Capabilities [{moz:profile=C:\Windows\proxy\rust_mozprofile.PlQFOup25Z3N, rotatable=false, capabilities={desiredCapabilities={browserVersion=64.0, browserName=firefox}}, timeouts={implicit=0, pageLoad=300000, script=30000}, pageLoadStrategy=normal, unhandledPromptBehavior=dismiss and notify, moz:headless=false, platform=ANY, moz:accessibilityChecks=false, moz:useNonSpecCompliantPointerOrigin=false, webdriver.remote.sessionid=0d7dc7906bc802c20ad68a99ee6b452bc9c9ed38, acceptInsecureCerts=false, browserVersion=64.0, moz:shutdownTimeout=60000, platformVersion=10.0, moz:processID=11868, browserName=firefox, platformName=windows, setWindowRect=true, moz:webdriverClick=true}]
Session ID: 0d7dc7906bc802c20ad68a99ee6b452bc9c9ed38
	at org.openqa.selenium.remote.ErrorHandler.createThrowable(ErrorHandler.java:206)
	at org.openqa.selenium.remote.ErrorHandler.throwIfResponseFailed(ErrorHandler.java:158)
	at org.openqa.selenium.remote.RemoteWebDriver.execute(RemoteWebDriver.java:678)
	at org.openqa.selenium.remote.RemoteWebElement.execute(RemoteWebElement.java:327)
	at org.openqa.selenium.remote.RemoteWebElement.click(RemoteWebElement.java:85)
	at com.atmecs.falcon.automation.ui.selenium.Click.performClick(Click.java:132)
	at com.atmecs.testscript.Registration.RegisterUser(Registration.java:62)
	at com.atmecs.testscript.Registration.register(Registration.java:57)
	at com.atmecs.runner.TestNGRunner.main(TestNGRunner.java:74)
	at org.codehaus.mojo.exec.ExecJavaMojo$1.run(ExecJavaMojo.java:293)
	at java.lang.Thread.run(Thread.java:748)
... Removed 29 stack frames]]>
    </failure>
  </testcase> <!-- register -->
</testsuite> <!-- registerwithexceldata -->
