<?xml version="1.0" encoding="UTF-8"?>
<!-- Generated by org.testng.reporters.JUnitXMLReporter -->
<testsuite hostname="ATMECSINLT-469" name="loginwithexceldata" tests="2" failures="2" timestamp="20 Feb 2019 14:11:58 GMT" time="47.505" errors="0">
  <testcase name="validLogin" time="46.981" classname="com.atmecs.testscript.Login">
    <failure type="org.openqa.selenium.WebDriverException" message="Failed to connect to binary FirefoxBinary(C:\Program Files\Mozilla Firefox\firefox.exe) on port 7055; process output follows: 
671873667	addons.xpi-utils	DEBUG	Updating add-on states
1550671873669	addons.xpi	DEBUG	Calling bootstrap method startup on formautofill@mozilla.org version 1.0
1550671873671	addons.xpi	DEBUG	Calling bootstrap method startup on screenshots@mozilla.org version 35.0.0
1550671873673	addons.xpi	DEBUG	Calling bootstrap method startup on webcompat@mozilla.org version 3.0.0
1550671873675	addons.manager	DEBUG	Registering shutdown blocker for XPIProvider
1550671873675	addons.manager	DEBUG	Provider finished startup: XPIProvider
1550671873675	addons.manager	DEBUG	Starting provider: LightweightThemeManager
1550671873675	addons.manager	DEBUG	Registering shutdown blocker for LightweightThemeManager
1550671873676	addons.manager	DEBUG	Provider finished startup: LightweightThemeManager
1550671873676	addons.manager	DEBUG	Starting provider: GMPProvider
1550671873679	addons.manager	DEBUG	Registering shutdown blocker for GMPProvider
1550671873679	addons.manager	DEBUG	Provider finished startup: GMPProvider
1550671873679	addons.manager	DEBUG	Starting provider: PluginProvider
1550671873679	addons.manager	DEBUG	Registering shutdown blocker for PluginProvider
1550671873679	addons.manager	DEBUG	Provider finished startup: PluginProvider
1550671873685	addons.manager	DEBUG	Completed startup sequence
1550671875208	addons.xpi-utils	DEBUG	XPI Database saved, setting schema version preference to 28
1550671876158	addons.repository	DEBUG	No addons.json found.
1550671877320	addons.xpi	DEBUG	Ignoring file: name is not a valid add-on ID: C:\Users\tejaswini.shinde\AppData\Local\Temp\anonymous2442370408221192824webdriver-profile\extensions\webdriver-staging
1550671877321	addons.xpi	DEBUG	Existing add-on formautofill@mozilla.org in app-system-defaults
1550671877321	addons.xpi	DEBUG	Existing add-on screenshots@mozilla.org in app-system-defaults
1550671877321	addons.xpi	DEBUG	Existing add-on webcompat-reporter@mozilla.org in app-system-defaults
1550671877322	addons.xpi	DEBUG	Existing add-on webcompat@mozilla.org in app-system-defaults
1550671877323	addons.xpi	DEBUG	scanForChanges changed: false, state: {}
JavaScript error: resource://gre/modules/addons/XPIProvider.jsm, line 2625: TypeError: addon is null
1550671881768	addons.manager	DEBUG	Registering upgrade listener for formautofill@mozilla.org
[Parent 5732, Gecko_IOThread] WARNING: pipe error: 109: file z:/build/build/src/ipc/chromium/src/chrome/common/ipc_channel_win.cc, line 332
[Child 9904, Chrome_ChildThread] WARNING: pipe error: 109: file z:/build/build/src/ipc/chromium/src/chrome/common/ipc_channel_win.cc, line 332
[Child 9904, Chrome_ChildThread] WARNING: pipe error: 109: file z:/build/build/src/ipc/chromium/src/chrome/common/ipc_channel_win.cc, line 332
1550671888576	addons.xpi	DEBUG	Calling bootstrap method shutdown on webcompat@mozilla.org version 3.0.0
1550671888584	addons.xpi	DEBUG	Calling bootstrap method shutdown on screenshots@mozilla.org version 35.0.0
1550671888589	addons.xpi	DEBUG	Calling bootstrap method shutdown on formautofill@mozilla.org version 1.0
[Child 5740, Chrome_ChildThread] WARNING: pipe error: 109: file z:/build/build/src/ipc/chromium/src/chrome/common/ipc_channel_win.cc, line 332
[Child 5740,[Parent 5732, Gecko_IOThread] WARNING: pipe error: 109: file z:/build/build/src/ipc/chromium/src/chrome/common/ipc_channel_win.cc, line 332
1550671888874	addons.manager	DEBUG	shutdown
1550671888876	addons.manager	DEBUG	Calling shutdown blocker for XPIProvider
1550671888876	addons.xpi	DEBUG	shutdown
1550671888877	addons.xpi-utils	DEBUG	shutdown
1550671888877	addons.manager	DEBUG	Calling shutdown blocker for LightweightThemeManager
1550671888877	addons.manager	DEBUG	Calling shutdown blocker for GMPProvider
1550671888878	addons.manager	DEBUG	Calling shutdown blocker for PluginProvider
1550671888885	addons.manager	DEBUG	Async provider shutdown done

###!!! [Child][RunMessage] Error: Channel closing: too late to send/recv, messages will be lost

[GPU 9644, Chrome_Child
###!!! [Child][MessageChannel::SendAndWait] Error: Channel error: cannot send/recv


Build info: version: &amp;apos;2.53.1&amp;apos;, revision: &amp;apos;a36b8b1cd5757287168e54b817830adce9b0158d&amp;apos;, time: &amp;apos;2016-06-30 19:26:09&amp;apos;
System info: host: &amp;apos;ATMECSINLT-469&amp;apos;, ip: &amp;apos;55.55.53.74&amp;apos;, os.name: &amp;apos;Windows 10&amp;apos;, os.arch: &amp;apos;amd64&amp;apos;, os.version: &amp;apos;10.0&amp;apos;, java.version: &amp;apos;1.8.0_201&amp;apos;
Driver info: driver.version: FirefoxDriver">
      <![CDATA[org.openqa.selenium.WebDriverException: Failed to connect to binary FirefoxBinary(C:\Program Files\Mozilla Firefox\firefox.exe) on port 7055; process output follows: 
671873667	addons.xpi-utils	DEBUG	Updating add-on states
1550671873669	addons.xpi	DEBUG	Calling bootstrap method startup on formautofill@mozilla.org version 1.0
1550671873671	addons.xpi	DEBUG	Calling bootstrap method startup on screenshots@mozilla.org version 35.0.0
1550671873673	addons.xpi	DEBUG	Calling bootstrap method startup on webcompat@mozilla.org version 3.0.0
1550671873675	addons.manager	DEBUG	Registering shutdown blocker for XPIProvider
1550671873675	addons.manager	DEBUG	Provider finished startup: XPIProvider
1550671873675	addons.manager	DEBUG	Starting provider: LightweightThemeManager
1550671873675	addons.manager	DEBUG	Registering shutdown blocker for LightweightThemeManager
1550671873676	addons.manager	DEBUG	Provider finished startup: LightweightThemeManager
1550671873676	addons.manager	DEBUG	Starting provider: GMPProvider
1550671873679	addons.manager	DEBUG	Registering shutdown blocker for GMPProvider
1550671873679	addons.manager	DEBUG	Provider finished startup: GMPProvider
1550671873679	addons.manager	DEBUG	Starting provider: PluginProvider
1550671873679	addons.manager	DEBUG	Registering shutdown blocker for PluginProvider
1550671873679	addons.manager	DEBUG	Provider finished startup: PluginProvider
1550671873685	addons.manager	DEBUG	Completed startup sequence
1550671875208	addons.xpi-utils	DEBUG	XPI Database saved, setting schema version preference to 28
1550671876158	addons.repository	DEBUG	No addons.json found.
1550671877320	addons.xpi	DEBUG	Ignoring file: name is not a valid add-on ID: C:\Users\tejaswini.shinde\AppData\Local\Temp\anonymous2442370408221192824webdriver-profile\extensions\webdriver-staging
1550671877321	addons.xpi	DEBUG	Existing add-on formautofill@mozilla.org in app-system-defaults
1550671877321	addons.xpi	DEBUG	Existing add-on screenshots@mozilla.org in app-system-defaults
1550671877321	addons.xpi	DEBUG	Existing add-on webcompat-reporter@mozilla.org in app-system-defaults
1550671877322	addons.xpi	DEBUG	Existing add-on webcompat@mozilla.org in app-system-defaults
1550671877323	addons.xpi	DEBUG	scanForChanges changed: false, state: {}
JavaScript error: resource://gre/modules/addons/XPIProvider.jsm, line 2625: TypeError: addon is null
1550671881768	addons.manager	DEBUG	Registering upgrade listener for formautofill@mozilla.org
[Parent 5732, Gecko_IOThread] WARNING: pipe error: 109: file z:/build/build/src/ipc/chromium/src/chrome/common/ipc_channel_win.cc, line 332
[Child 9904, Chrome_ChildThread] WARNING: pipe error: 109: file z:/build/build/src/ipc/chromium/src/chrome/common/ipc_channel_win.cc, line 332
[Child 9904, Chrome_ChildThread] WARNING: pipe error: 109: file z:/build/build/src/ipc/chromium/src/chrome/common/ipc_channel_win.cc, line 332
1550671888576	addons.xpi	DEBUG	Calling bootstrap method shutdown on webcompat@mozilla.org version 3.0.0
1550671888584	addons.xpi	DEBUG	Calling bootstrap method shutdown on screenshots@mozilla.org version 35.0.0
1550671888589	addons.xpi	DEBUG	Calling bootstrap method shutdown on formautofill@mozilla.org version 1.0
[Child 5740, Chrome_ChildThread] WARNING: pipe error: 109: file z:/build/build/src/ipc/chromium/src/chrome/common/ipc_channel_win.cc, line 332
[Child 5740,[Parent 5732, Gecko_IOThread] WARNING: pipe error: 109: file z:/build/build/src/ipc/chromium/src/chrome/common/ipc_channel_win.cc, line 332
1550671888874	addons.manager	DEBUG	shutdown
1550671888876	addons.manager	DEBUG	Calling shutdown blocker for XPIProvider
1550671888876	addons.xpi	DEBUG	shutdown
1550671888877	addons.xpi-utils	DEBUG	shutdown
1550671888877	addons.manager	DEBUG	Calling shutdown blocker for LightweightThemeManager
1550671888877	addons.manager	DEBUG	Calling shutdown blocker for GMPProvider
1550671888878	addons.manager	DEBUG	Calling shutdown blocker for PluginProvider
1550671888885	addons.manager	DEBUG	Async provider shutdown done

###!!! [Child][RunMessage] Error: Channel closing: too late to send/recv, messages will be lost

[GPU 9644, Chrome_Child
###!!! [Child][MessageChannel::SendAndWait] Error: Channel error: cannot send/recv


Build info: version: '2.53.1', revision: 'a36b8b1cd5757287168e54b817830adce9b0158d', time: '2016-06-30 19:26:09'
System info: host: 'ATMECSINLT-469', ip: '55.55.53.74', os.name: 'Windows 10', os.arch: 'amd64', os.version: '10.0', java.version: '1.8.0_201'
Driver info: driver.version: FirefoxDriver
	at org.openqa.selenium.firefox.internal.NewProfileExtensionConnection.start(NewProfileExtensionConnection.java:125)
	at org.openqa.selenium.firefox.FirefoxDriver.startClient(FirefoxDriver.java:271)
	at org.openqa.selenium.remote.RemoteWebDriver.<init>(RemoteWebDriver.java:119)
	at org.openqa.selenium.firefox.FirefoxDriver.<init>(FirefoxDriver.java:216)
	at org.openqa.selenium.firefox.FirefoxDriver.<init>(FirefoxDriver.java:211)
	at org.openqa.selenium.firefox.FirefoxDriver.<init>(FirefoxDriver.java:207)
	at org.openqa.selenium.firefox.FirefoxDriver.<init>(FirefoxDriver.java:120)
	at com.atmecs.falcon.automation.ui.selenium.RunModeLocal.<init>(RunModeLocal.java:35)
	at com.atmecs.falcon.automation.ui.selenium.RunModeFactory.getRunMode(RunModeFactory.java:35)
	at com.atmecs.falcon.automation.ui.selenium.Browser.openURL(Browser.java:345)
	at com.atmecs.testscript.Login.validLogin(Login.java:62)
	at com.atmecs.runner.TestNGRunner.main(TestNGRunner.java:74)
	at org.codehaus.mojo.exec.ExecJavaMojo$1.run(ExecJavaMojo.java:293)
	at java.lang.Thread.run(Thread.java:748)
Caused by: org.openqa.selenium.firefox.NotConnectedException: Unable to connect to host 127.0.0.1 on port 7055 after 45000 ms. Firefox console output:
671873667	addons.xpi-utils	DEBUG	Updating add-on states
1550671873669	addons.xpi	DEBUG	Calling bootstrap method startup on formautofill@mozilla.org version 1.0
1550671873671	addons.xpi	DEBUG	Calling bootstrap method startup on screenshots@mozilla.org version 35.0.0
1550671873673	addons.xpi	DEBUG	Calling bootstrap method startup on webcompat@mozilla.org version 3.0.0
1550671873675	addons.manager	DEBUG	Registering shutdown blocker for XPIProvider
1550671873675	addons.manager	DEBUG	Provider finished startup: XPIProvider
1550671873675	addons.manager	DEBUG	Starting provider: LightweightThemeManager
1550671873675	addons.manager	DEBUG	Registering shutdown blocker for LightweightThemeManager
1550671873676	addons.manager	DEBUG	Provider finished startup: LightweightThemeManager
1550671873676	addons.manager	DEBUG	Starting provider: GMPProvider
1550671873679	addons.manager	DEBUG	Registering shutdown blocker for GMPProvider
1550671873679	addons.manager	DEBUG	Provider finished startup: GMPProvider
1550671873679	addons.manager	DEBUG	Starting provider: PluginProvider
1550671873679	addons.manager	DEBUG	Registering shutdown blocker for PluginProvider
1550671873679	addons.manager	DEBUG	Provider finished startup: PluginProvider
1550671873685	addons.manager	DEBUG	Completed startup sequence
1550671875208	addons.xpi-utils	DEBUG	XPI Database saved, setting schema version preference to 28
1550671876158	addons.repository	DEBUG	No addons.json found.
1550671877320	addons.xpi	DEBUG	Ignoring file: name is not a valid add-on ID: C:\Users\tejaswini.shinde\AppData\Local\Temp\anonymous2442370408221192824webdriver-profile\extensions\webdriver-staging
1550671877321	addons.xpi	DEBUG	Existing add-on formautofill@mozilla.org in app-system-defaults
1550671877321	addons.xpi	DEBUG	Existing add-on screenshots@mozilla.org in app-system-defaults
1550671877321	addons.xpi	DEBUG	Existing add-on webcompat-reporter@mozilla.org in app-system-defaults
1550671877322	addons.xpi	DEBUG	Existing add-on webcompat@mozilla.org in app-system-defaults
1550671877323	addons.xpi	DEBUG	scanForChanges changed: false, state: {}
JavaScript error: resource://gre/modules/addons/XPIProvider.jsm, line 2625: TypeError: addon is null
1550671881768	addons.manager	DEBUG	Registering upgrade listener for formautofill@mozilla.org
[Parent 5732, Gecko_IOThread] WARNING: pipe error: 109: file z:/build/build/src/ipc/chromium/src/chrome/common/ipc_channel_win.cc, line 332
[Child 9904, Chrome_ChildThread] WARNING: pipe error: 109: file z:/build/build/src/ipc/chromium/src/chrome/common/ipc_channel_win.cc, line 332
[Child 9904, Chrome_ChildThread] WARNING: pipe error: 109: file z:/build/build/src/ipc/chromium/src/chrome/common/ipc_channel_win.cc, line 332
1550671888576	addons.xpi	DEBUG	Calling bootstrap method shutdown on webcompat@mozilla.org version 3.0.0
1550671888584	addons.xpi	DEBUG	Calling bootstrap method shutdown on screenshots@mozilla.org version 35.0.0
1550671888589	addons.xpi	DEBUG	Calling bootstrap method shutdown on formautofill@mozilla.org version 1.0
[Child 5740, Chrome_ChildThread] WARNING: pipe error: 109: file z:/build/build/src/ipc/chromium/src/chrome/common/ipc_channel_win.cc, line 332
[Child 5740,[Parent 5732, Gecko_IOThread] WARNING: pipe error: 109: file z:/build/build/src/ipc/chromium/src/chrome/common/ipc_channel_win.cc, line 332
1550671888874	addons.manager	DEBUG	shutdown
1550671888876	addons.manager	DEBUG	Calling shutdown blocker for XPIProvider
1550671888876	addons.xpi	DEBUG	shutdown
1550671888877	addons.xpi-utils	DEBUG	shutdown
1550671888877	addons.manager	DEBUG	Calling shutdown blocker for LightweightThemeManager
1550671888877	addons.manager	DEBUG	Calling shutdown blocker for GMPProvider
1550671888878	addons.manager	DEBUG	Calling shutdown blocker for PluginProvider
1550671888885	addons.manager	DEBUG	Async provider shutdown done

###!!! [Child][RunMessage] Error: Channel closing: too late to send/recv, messages will be lost

[GPU 9644, Chrome_Child
###!!! [Child][MessageChannel::SendAndWait] Error: Channel error: cannot send/recv


	at org.openqa.selenium.firefox.internal.NewProfileExtensionConnection.start(NewProfileExtensionConnection.java:113)
	... 38 more
... Removed 25 stack frames]]>
    </failure>
  </testcase> <!-- validLogin -->
  <testcase name="validLogin" time="47.482" classname="com.atmecs.testscript.Login">
    <failure type="java.lang.NullPointerException" message="The driver is null, Please check with driver availability">
      <![CDATA[java.lang.NullPointerException: The driver is null, Please check with driver availability
	at com.atmecs.falcon.automation.ui.selenium.CustomListener.captureScreenShot(CustomListener.java:143)
	at com.atmecs.falcon.automation.ui.selenium.CustomListener.onTestFailure(CustomListener.java:224)
	at com.atmecs.runner.TestNGRunner.main(TestNGRunner.java:74)
	at org.codehaus.mojo.exec.ExecJavaMojo$1.run(ExecJavaMojo.java:293)
	at java.lang.Thread.run(Thread.java:748)
... Removed 22 stack frames]]>
    </failure>
  </testcase> <!-- validLogin -->
</testsuite> <!-- loginwithexceldata -->
